<?xml version="1.0" encoding="UTF-8"?>
<robot generator="Robot 4.0 (Python 3.8.5 on linux)" generated="20210406 23:50:39.633" rpa="false" schemaversion="2">
<suite id="s1" name="Rb" source="/home/a67645/Desktop/LEI2021_navegacao_segura/rb.txt">
<test id="s1-t1" name="LoginTest">
<kw name="Open Browser" library="SeleniumLibrary">
<arg>${URL}</arg>
<doc>Opens a new browser instance to the optional ``url``.</doc>
<msg timestamp="20210406 23:50:39.737" level="INFO">Opening browser 'firefox' to base url 'https://www.google.com/'.</msg>
<msg timestamp="20210406 23:50:39.738" level="INFO">Firefox driver log is always forced to to: /home/a67645/Desktop/LEI2021_navegacao_segura/geckodriver-1.log</msg>
<status status="PASS" starttime="20210406 23:50:39.737" endtime="20210406 23:50:45.841"/>
</kw>
<kw name="Maximize Browser Window" library="SeleniumLibrary">
<doc>Maximizes current browser window.</doc>
<status status="PASS" starttime="20210406 23:50:45.842" endtime="20210406 23:50:45.844"/>
</kw>
<kw name="acessogoogle">
<kw name="Evaluate" library="BuiltIn">
<var>${word}</var>
<arg>random.choice($Word_list)</arg>
<doc>Evaluates the given expression in Python and returns the result.</doc>
<msg timestamp="20210406 23:50:45.847" level="INFO">${word} = jobs</msg>
<status status="PASS" starttime="20210406 23:50:45.844" endtime="20210406 23:50:45.847"/>
</kw>
<kw name="Sleep" library="BuiltIn">
<arg>3</arg>
<doc>Pauses the test executed for the given time.</doc>
<msg timestamp="20210406 23:50:48.848" level="INFO">Slept 3 seconds</msg>
<status status="PASS" starttime="20210406 23:50:45.847" endtime="20210406 23:50:48.848"/>
</kw>
<kw name="Wait Until Element Is Visible" library="SeleniumLibrary">
<arg>xpath=//*[@id="zV9nZe"]</arg>
<doc>Waits until the element ``locator`` is visible.</doc>
<status status="PASS" starttime="20210406 23:50:48.848" endtime="20210406 23:50:48.871"/>
</kw>
<kw name="Click Button" library="SeleniumLibrary">
<arg>xpath=//*[@id="zV9nZe"]</arg>
<doc>Clicks the button identified by ``locator``.</doc>
<msg timestamp="20210406 23:50:48.871" level="INFO">Clicking button 'xpath=//*[@id="zV9nZe"]'.</msg>
<status status="PASS" starttime="20210406 23:50:48.871" endtime="20210406 23:50:49.110"/>
</kw>
<kw name="Input Text" library="SeleniumLibrary">
<arg>xpath=/html/body/div[1]/div[3]/form/div[1]/div[1]/div[1]/div/div[2]/input</arg>
<arg>${word}</arg>
<doc>Types the given ``text`` into the text field identified by ``locator``.</doc>
<msg timestamp="20210406 23:50:49.111" level="INFO">Typing text 'jobs' into text field 'xpath=/html/body/div[1]/div[3]/form/div[1]/div[1]/div[1]/div/div[2]/input'.</msg>
<status status="PASS" starttime="20210406 23:50:49.110" endtime="20210406 23:50:49.126"/>
</kw>
<kw name="Sleep" library="BuiltIn">
<arg>3</arg>
<doc>Pauses the test executed for the given time.</doc>
<msg timestamp="20210406 23:50:52.127" level="INFO">Slept 3 seconds</msg>
<status status="PASS" starttime="20210406 23:50:49.126" endtime="20210406 23:50:52.127"/>
</kw>
<kw name="Log To Console" library="BuiltIn">
<arg>${word}</arg>
<doc>Logs the given message to the console.</doc>
<status status="PASS" starttime="20210406 23:50:52.127" endtime="20210406 23:50:52.128"/>
</kw>
<kw name="Sleep" library="BuiltIn">
<arg>3</arg>
<doc>Pauses the test executed for the given time.</doc>
<msg timestamp="20210406 23:50:55.132" level="INFO">Slept 3 seconds</msg>
<status status="PASS" starttime="20210406 23:50:52.128" endtime="20210406 23:50:55.132"/>
</kw>
<kw name="Press Keys" library="SeleniumLibrary">
<arg>None</arg>
<arg>ENTER</arg>
<doc>Simulates the user pressing key(s) to an element or on the active browser.</doc>
<msg timestamp="20210406 23:50:55.138" level="INFO">Sending key(s) ('ENTER',) to page.</msg>
<msg timestamp="20210406 23:50:55.138" level="INFO">Pressing special key ENTER to browser.</msg>
<msg timestamp="20210406 23:50:55.138" level="INFO">Releasing special key ENTER.</msg>
<status status="PASS" starttime="20210406 23:50:55.132" endtime="20210406 23:50:55.184"/>
</kw>
<kw name="Sleep" library="BuiltIn">
<arg>3</arg>
<doc>Pauses the test executed for the given time.</doc>
<msg timestamp="20210406 23:50:58.184" level="INFO">Slept 3 seconds</msg>
<status status="PASS" starttime="20210406 23:50:55.184" endtime="20210406 23:50:58.184"/>
</kw>
<kw name="Get Element Attribute" library="SeleniumLibrary">
<var>${Page1}</var>
<arg>xpath=/html/body/div[7]/div/div[9]/div[1]/div//a</arg>
<arg>href</arg>
<doc>Returns the value of ``attribute`` from the element ``locator``.</doc>
<msg timestamp="20210406 23:50:58.205" level="INFO">${Page1} = https://www.google.com/search?q=jobs&amp;lr=lang_pt&amp;sa=X&amp;ved=2ahUKEwjbh_us2urvAhUs5eAKHcIPCh4QuAF6BAgBEAE</msg>
<status status="PASS" starttime="20210406 23:50:58.185" endtime="20210406 23:50:58.205"/>
</kw>
<kw name="Log To Console" library="BuiltIn">
<arg>${Page1}</arg>
<doc>Logs the given message to the console.</doc>
<status status="PASS" starttime="20210406 23:50:58.205" endtime="20210406 23:50:58.206"/>
</kw>
<status status="PASS" starttime="20210406 23:50:45.844" endtime="20210406 23:50:58.206"/>
</kw>
<kw name="Close Browser" library="SeleniumLibrary">
<doc>Closes the current browser.</doc>
<status status="PASS" starttime="20210406 23:50:58.206" endtime="20210406 23:50:58.957"/>
</kw>
<status status="PASS" starttime="20210406 23:50:39.736" endtime="20210406 23:50:58.957"/>
</test>
<status status="PASS" starttime="20210406 23:50:39.634" endtime="20210406 23:50:58.958"/>
</suite>
<statistics>
<total>
<stat pass="1" fail="0" skip="0">All Tests</stat>
</total>
<tag>
</tag>
<suite>
<stat pass="1" fail="0" skip="0" id="s1" name="Rb">Rb</stat>
</suite>
</statistics>
<errors>
</errors>
</robot>
